[DEBUG], 2023-04-10 09:36:57 pcwLog:24 - ====================
[DEBUG], 2023-04-10 09:36:57 pcwLog:25 - ========IOException=C:\JAPA_0309\01_JAVA\workspace\J23\src\com_pcwk_ehr02\.txt (지정된 파일을 찾을 수 없습니다)
[DEBUG], 2023-04-10 09:36:57 pcwLog:26 - ====================
[DEBUG], 2023-04-10 10:17:54 pcwLog:38 - 프로그램 종료!3362178949115ms
[DEBUG], 2023-04-10 10:19:47 pcwLog:35 - 프로그램 종료!3362179174015ms
[DEBUG], 2023-04-10 10:21:49 pcwLog:35 - 프로그램 종료!3362179417648ms
[DEBUG], 2023-04-10 10:22:05 pcwLog:35 - 프로그램 종료!8ms
[DEBUG], 2023-04-10 10:32:10 pcwLog:35 - 프로그램 종료!8ms
[DEBUG], 2023-04-10 10:33:54 pcwLog:69 - 프로그램 종료!1ms
[DEBUG], 2023-04-10 10:34:10 pcwLog:69 - 경과시간!1ms
[DEBUG], 2023-04-10 10:34:43 pcwLog:69 - 경과시간!2ms
[DEBUG], 2023-04-10 10:35:33 pcwLog:70 - 112경과시간!2ms
[DEBUG], 2023-04-10 10:36:13 pcwLog:70 - 1568경과시간!15ms
[DEBUG], 2023-04-10 11:08:06 pcwLog:25 - 프로그램 종료!
[DEBUG], 2023-04-10 11:08:44 pcwLog:25 - 프로그램 종료!
[DEBUG], 2023-04-10 11:26:12 pcwLog:20 - 파일 생성 실패!
[DEBUG], 2023-04-10 11:35:07 pcwLog:20 - 파일 생성 실패!
[DEBUG], 2023-04-10 11:35:07 pcwLog:31 - 파일 삭제 성공!
[DEBUG], 2023-04-10 11:38:00 pcwLog:21 - ====================
[DEBUG], 2023-04-10 11:38:00 pcwLog:22 - -IOException-지정된 경로를 찾을 수 없습니다
[DEBUG], 2023-04-10 11:38:00 pcwLog:23 - ====================
[DEBUG], 2023-04-10 11:38:00 pcwLog:29 - 파일 삭제 실패!
[DEBUG], 2023-04-10 11:39:29 pcwLog:21 - ====================
[DEBUG], 2023-04-10 11:39:29 pcwLog:22 - -IOException-지정된 경로를 찾을 수 없습니다
[DEBUG], 2023-04-10 11:39:29 pcwLog:23 - ====================
[DEBUG], 2023-04-10 11:39:29 pcwLog:29 - 파일 삭제 실패!
