[DEBUG], 2023-04-05 09:23:59 pcwLog:24 - ┌=======================┐
[DEBUG], 2023-04-05 09:23:59 pcwLog:25 - ┃==========종료==========┃
[DEBUG], 2023-04-05 09:23:59 pcwLog:26 - └=======================┘
[DEBUG], 2023-04-05 09:26:53 pcwLog:28 - 최근 History[1]
[DEBUG], 2023-04-05 09:26:53 pcwLog:28 - 최근 History[1, 2]
[DEBUG], 2023-04-05 09:26:59 pcwLog:28 - 최근 History[1, 2, 2]
[DEBUG], 2023-04-05 09:27:00 pcwLog:28 - 최근 History[1, 2, 2, ]
[DEBUG], 2023-04-05 09:27:01 pcwLog:28 - 최근 History[1, 2, 2, , ]
[DEBUG], 2023-04-05 09:27:01 pcwLog:28 - 최근 History[1, 2, 2, , , ]
[DEBUG], 2023-04-05 09:27:01 pcwLog:28 - 최근 History[1, 2, 2, , , , ]
[DEBUG], 2023-04-05 09:27:10 pcwLog:28 - 최근 History[1, 2, 2, , , , , ㅋ]
[DEBUG], 2023-04-05 09:27:11 pcwLog:28 - 최근 History[1, 2, 2, , , , , ㅋ, ㅋ]
[DEBUG], 2023-04-05 09:27:11 pcwLog:28 - 최근 History[1, 2, 2, , , , , ㅋ, ㅋ, ㅋ]
[DEBUG], 2023-04-05 09:27:11 pcwLog:28 - 최근 History[1, 2, 2, , , , , ㅋ, ㅋ, ㅋ, ㅋ]
[DEBUG], 2023-04-05 09:27:12 pcwLog:28 - 최근 History[1, 2, 2, , , , , ㅋ, ㅋ, ㅋ, ㅋ, ㅋ]
[DEBUG], 2023-04-05 09:27:12 pcwLog:28 - 최근 History[1, 2, 2, , , , , ㅋ, ㅋ, ㅋ, ㅋ, ㅋ, ㅋ]
[DEBUG], 2023-04-05 09:27:12 pcwLog:28 - 최근 History[1, 2, 2, , , , , ㅋ, ㅋ, ㅋ, ㅋ, ㅋ, ㅋ, ㅋ]
[DEBUG], 2023-04-05 09:27:12 pcwLog:28 - 최근 History[1, 2, 2, , , , , ㅋ, ㅋ, ㅋ, ㅋ, ㅋ, ㅋ, ㅋ, ㅋㅊ]
[DEBUG], 2023-04-05 09:27:13 pcwLog:28 - 최근 History[1, 2, 2, , , , , ㅋ, ㅋ, ㅋ, ㅋ, ㅋ, ㅋ, ㅋ, ㅋㅊ, ㅁ]
[DEBUG], 2023-04-05 09:27:13 pcwLog:28 - 최근 History[1, 2, 2, , , , , ㅋ, ㅋ, ㅋ, ㅋ, ㅋ, ㅋ, ㅋ, ㅋㅊ, ㅁ, ㅁ]
[DEBUG], 2023-04-05 09:27:13 pcwLog:28 - 최근 History[1, 2, 2, , , , , ㅋ, ㅋ, ㅋ, ㅋ, ㅋ, ㅋ, ㅋ, ㅋㅊ, ㅁ, ㅁ, ㄴ]
[DEBUG], 2023-04-05 09:27:13 pcwLog:28 - 최근 History[1, 2, 2, , , , , ㅋ, ㅋ, ㅋ, ㅋ, ㅋ, ㅋ, ㅋ, ㅋㅊ, ㅁ, ㅁ, ㄴ, ]
[DEBUG], 2023-04-05 09:27:13 pcwLog:28 - 최근 History[1, 2, 2, , , , , ㅋ, ㅋ, ㅋ, ㅋ, ㅋ, ㅋ, ㅋ, ㅋㅊ, ㅁ, ㅁ, ㄴ, , ]
[DEBUG], 2023-04-05 09:27:14 pcwLog:28 - 최근 History[1, 2, 2, , , , , ㅋ, ㅋ, ㅋ, ㅋ, ㅋ, ㅋ, ㅋ, ㅋㅊ, ㅁ, ㅁ, ㄴ, , , ]
[DEBUG], 2023-04-05 09:27:14 pcwLog:28 - 최근 History[1, 2, 2, , , , , ㅋ, ㅋ, ㅋ, ㅋ, ㅋ, ㅋ, ㅋ, ㅋㅊ, ㅁ, ㅁ, ㄴ, , , , ㄹ]
[DEBUG], 2023-04-05 09:27:14 pcwLog:28 - 최근 History[1, 2, 2, , , , , ㅋ, ㅋ, ㅋ, ㅋ, ㅋ, ㅋ, ㅋ, ㅋㅊ, ㅁ, ㅁ, ㄴ, , , , ㄹ, ]
[DEBUG], 2023-04-05 09:27:14 pcwLog:28 - 최근 History[1, 2, 2, , , , , ㅋ, ㅋ, ㅋ, ㅋ, ㅋ, ㅋ, ㅋ, ㅋㅊ, ㅁ, ㅁ, ㄴ, , , , ㄹ, , ㄴ]
[DEBUG], 2023-04-05 09:27:14 pcwLog:28 - 최근 History[1, 2, 2, , , , , ㅋ, ㅋ, ㅋ, ㅋ, ㅋ, ㅋ, ㅋ, ㅋㅊ, ㅁ, ㅁ, ㄴ, , , , ㄹ, , ㄴ, ㅇㅁ]
[DEBUG], 2023-04-05 09:27:15 pcwLog:28 - 최근 History[1, 2, 2, , , , , ㅋ, ㅋ, ㅋ, ㅋ, ㅋ, ㅋ, ㅋ, ㅋㅊ, ㅁ, ㅁ, ㄴ, , , , ㄹ, , ㄴ, ㅇㅁ, ㅇ]
[DEBUG], 2023-04-05 09:27:15 pcwLog:28 - 최근 History[1, 2, 2, , , , , ㅋ, ㅋ, ㅋ, ㅋ, ㅋ, ㅋ, ㅋ, ㅋㅊ, ㅁ, ㅁ, ㄴ, , , , ㄹ, , ㄴ, ㅇㅁ, ㅇ, ㅁㄴ]
[DEBUG], 2023-04-05 09:27:15 pcwLog:28 - 최근 History[1, 2, 2, , , , , ㅋ, ㅋ, ㅋ, ㅋ, ㅋ, ㅋ, ㅋ, ㅋㅊ, ㅁ, ㅁ, ㄴ, , , , ㄹ, , ㄴ, ㅇㅁ, ㅇ, ㅁㄴ, ㄹ]
[DEBUG], 2023-04-05 09:27:16 pcwLog:28 - 최근 History[1, 2, 2, , , , , ㅋ, ㅋ, ㅋ, ㅋ, ㅋ, ㅋ, ㅋ, ㅋㅊ, ㅁ, ㅁ, ㄴ, , , , ㄹ, , ㄴ, ㅇㅁ, ㅇ, ㅁㄴ, ㄹ, ㅎㅁㅎ]
[DEBUG], 2023-04-05 09:27:16 pcwLog:28 - 최근 History[1, 2, 2, , , , , ㅋ, ㅋ, ㅋ, ㅋ, ㅋ, ㅋ, ㅋ, ㅋㅊ, ㅁ, ㅁ, ㄴ, , , , ㄹ, , ㄴ, ㅇㅁ, ㅇ, ㅁㄴ, ㄹ, ㅎㅁㅎ, ㅈㅈ]
[DEBUG], 2023-04-05 09:27:16 pcwLog:28 - 최근 History[1, 2, 2, , , , , ㅋ, ㅋ, ㅋ, ㅋ, ㅋ, ㅋ, ㅋ, ㅋㅊ, ㅁ, ㅁ, ㄴ, , , , ㄹ, , ㄴ, ㅇㅁ, ㅇ, ㅁㄴ, ㄹ, ㅎㅁㅎ, ㅈㅈ, ㅈ]
[DEBUG], 2023-04-05 09:27:17 pcwLog:28 - 최근 History[1, 2, 2, , , , , ㅋ, ㅋ, ㅋ, ㅋ, ㅋ, ㅋ, ㅋ, ㅋㅊ, ㅁ, ㅁ, ㄴ, , , , ㄹ, , ㄴ, ㅇㅁ, ㅇ, ㅁㄴ, ㄹ, ㅎㅁㅎ, ㅈㅈ, ㅈ, ]
[DEBUG], 2023-04-05 09:27:17 pcwLog:28 - 최근 History[1, 2, 2, , , , , ㅋ, ㅋ, ㅋ, ㅋ, ㅋ, ㅋ, ㅋ, ㅋㅊ, ㅁ, ㅁ, ㄴ, , , , ㄹ, , ㄴ, ㅇㅁ, ㅇ, ㅁㄴ, ㄹ, ㅎㅁㅎ, ㅈㅈ, ㅈ, , ㅂㄷ]
[DEBUG], 2023-04-05 09:27:17 pcwLog:28 - 최근 History[1, 2, 2, , , , , ㅋ, ㅋ, ㅋ, ㅋ, ㅋ, ㅋ, ㅋ, ㅋㅊ, ㅁ, ㅁ, ㄴ, , , , ㄹ, , ㄴ, ㅇㅁ, ㅇ, ㅁㄴ, ㄹ, ㅎㅁㅎ, ㅈㅈ, ㅈ, , ㅂㄷ, ㅂㅈ]
[DEBUG], 2023-04-05 09:27:17 pcwLog:28 - 최근 History[1, 2, 2, , , , , ㅋ, ㅋ, ㅋ, ㅋ, ㅋ, ㅋ, ㅋ, ㅋㅊ, ㅁ, ㅁ, ㄴ, , , , ㄹ, , ㄴ, ㅇㅁ, ㅇ, ㅁㄴ, ㄹ, ㅎㅁㅎ, ㅈㅈ, ㅈ, , ㅂㄷ, ㅂㅈ, ㄷㅁ]
[DEBUG], 2023-04-05 09:27:18 pcwLog:28 - 최근 History[1, 2, 2, , , , , ㅋ, ㅋ, ㅋ, ㅋ, ㅋ, ㅋ, ㅋ, ㅋㅊ, ㅁ, ㅁ, ㄴ, , , , ㄹ, , ㄴ, ㅇㅁ, ㅇ, ㅁㄴ, ㄹ, ㅎㅁㅎ, ㅈㅈ, ㅈ, , ㅂㄷ, ㅂㅈ, ㄷㅁ, ㄴ]
[DEBUG], 2023-04-05 09:27:18 pcwLog:28 - 최근 History[1, 2, 2, , , , , ㅋ, ㅋ, ㅋ, ㅋ, ㅋ, ㅋ, ㅋ, ㅋㅊ, ㅁ, ㅁ, ㄴ, , , , ㄹ, , ㄴ, ㅇㅁ, ㅇ, ㅁㄴ, ㄹ, ㅎㅁㅎ, ㅈㅈ, ㅈ, , ㅂㄷ, ㅂㅈ, ㄷㅁ, ㄴ, ㅁㄴㅇ]
[DEBUG], 2023-04-05 09:27:18 pcwLog:28 - 최근 History[1, 2, 2, , , , , ㅋ, ㅋ, ㅋ, ㅋ, ㅋ, ㅋ, ㅋ, ㅋㅊ, ㅁ, ㅁ, ㄴ, , , , ㄹ, , ㄴ, ㅇㅁ, ㅇ, ㅁㄴ, ㄹ, ㅎㅁㅎ, ㅈㅈ, ㅈ, , ㅂㄷ, ㅂㅈ, ㄷㅁ, ㄴ, ㅁㄴㅇ, ㅁㄴㅇ]
[DEBUG], 2023-04-05 09:27:18 pcwLog:28 - 최근 History[1, 2, 2, , , , , ㅋ, ㅋ, ㅋ, ㅋ, ㅋ, ㅋ, ㅋ, ㅋㅊ, ㅁ, ㅁ, ㄴ, , , , ㄹ, , ㄴ, ㅇㅁ, ㅇ, ㅁㄴ, ㄹ, ㅎㅁㅎ, ㅈㅈ, ㅈ, , ㅂㄷ, ㅂㅈ, ㄷㅁ, ㄴ, ㅁㄴㅇ, ㅁㄴㅇ, ]
[DEBUG], 2023-04-05 09:27:20 pcwLog:30 - ┌=======================┐
[DEBUG], 2023-04-05 09:27:20 pcwLog:31 - ┃==========종료==========┃
[DEBUG], 2023-04-05 09:27:20 pcwLog:32 - └=======================┘
[DEBUG], 2023-04-05 09:48:36 pcwLog:22 - name :Alice
[DEBUG], 2023-04-05 09:48:36 pcwLog:22 - name :이상무
[DEBUG], 2023-04-05 09:48:36 pcwLog:22 - name :김수환무
[DEBUG], 2023-04-05 09:48:36 pcwLog:22 - name :Bob
[DEBUG], 2023-04-05 09:48:36 pcwLog:22 - name :Charlie
[DEBUG], 2023-04-05 10:07:28 pcwLog:24 - name :Alice
[DEBUG], 2023-04-05 10:07:28 pcwLog:24 - name :이상무
[DEBUG], 2023-04-05 10:07:28 pcwLog:24 - name :김수환무
[DEBUG], 2023-04-05 10:07:28 pcwLog:24 - name :Bob
[DEBUG], 2023-04-05 10:07:28 pcwLog:24 - name :Charlie
[DEBUG], 2023-04-05 10:27:24 pcwLog:25 - name :Alice
[DEBUG], 2023-04-05 10:27:24 pcwLog:25 - name :이상무
[DEBUG], 2023-04-05 10:27:24 pcwLog:25 - name :김수환무
[DEBUG], 2023-04-05 10:27:24 pcwLog:25 - name :Bob
[DEBUG], 2023-04-05 10:27:24 pcwLog:25 - name :Charlie
[DEBUG], 2023-04-05 10:27:24 pcwLog:27 - ===================================
[DEBUG], 2023-04-05 10:33:15 pcwLog:25 - name :Alice
[DEBUG], 2023-04-05 10:33:15 pcwLog:25 - name :이상무
[DEBUG], 2023-04-05 10:33:15 pcwLog:25 - name :김수환무
[DEBUG], 2023-04-05 10:33:15 pcwLog:25 - name :Bob
[DEBUG], 2023-04-05 10:33:15 pcwLog:25 - name :Charlie
[DEBUG], 2023-04-05 10:33:15 pcwLog:27 - ===================================
[DEBUG], 2023-04-05 10:33:15 pcwLog:47 - EVE,
[DEBUG], 2023-04-05 10:33:15 pcwLog:47 - Alice,
[DEBUG], 2023-04-05 10:33:15 pcwLog:47 - 이상무,
[DEBUG], 2023-04-05 10:33:15 pcwLog:47 - 김수환무,
[DEBUG], 2023-04-05 10:33:15 pcwLog:47 - Bob,
[DEBUG], 2023-04-05 10:33:15 pcwLog:47 - Charlie,
[DEBUG], 2023-04-05 10:33:15 pcwLog:47 - EVE,
[DEBUG], 2023-04-05 10:33:15 pcwLog:47 - Alice,
[DEBUG], 2023-04-05 10:33:15 pcwLog:47 - 이상무,
[DEBUG], 2023-04-05 10:33:15 pcwLog:47 - 김수환무,
[DEBUG], 2023-04-05 10:33:15 pcwLog:47 - Bob,
[DEBUG], 2023-04-05 10:33:15 pcwLog:47 - Charlie,
[DEBUG], 2023-04-05 14:17:53 pcwLog:24 - map:{four=4, one=1, two=2, three=3, five=5}
[DEBUG], 2023-04-05 14:21:53 pcwLog:24 - map:{four=4, one=1, two=2, three=3, five=5}
[DEBUG], 2023-04-05 14:21:53 pcwLog:27 - 3
[DEBUG], 2023-04-05 14:21:53 pcwLog:30 - false
[DEBUG], 2023-04-05 14:21:53 pcwLog:36 - map:{one=1, two=2, three=3, five=5}
[DEBUG], 2023-04-05 15:12:54 pcwLog:26 - map:{five=5, two=2, one=1, three=3, four=4}
[DEBUG], 2023-04-05 15:12:54 pcwLog:29 - 3
[DEBUG], 2023-04-05 15:12:54 pcwLog:32 - false
[DEBUG], 2023-04-05 15:12:54 pcwLog:38 - map:{five=5, two=2, one=1, three=3}
